<?xml version="1.0" encoding="UTF-8"?>
<!-- Generated by org.testng.reporters.JUnitXMLReporter -->
<testsuite ignored="0" hostname="Vigneshs-MacBook-Pro.local" failures="0" tests="6" name="Default test" time="15.476" errors="0" timestamp="2024-09-16T21:19:40 PDT">
  <testcase classname="testLayer.TestClass" name="test1" time="0.083"/>
  <testcase classname="testLayer.TestClass" name="test2" time="0.029"/>
  <testcase classname="testLayer.TestClass" name="test3" time="0.47"/>
  <testcase classname="testLayer.TestClass" name="test4" time="0.013"/>
  <testcase classname="testLayer.TestClass" name="test5" time="1.839"/>
  <testcase classname="testLayer.TestClass" name="test6" time="0.052"/>
</testsuite> <!-- Default test -->
